<?xml version="1.0" encoding="UTF-8"?>
<!-- Generated by org.testng.reporters.JUnitReportReporter -->
<testsuite hostname="REM-LT-221216B" failures="0" tests="1" name="com.unosquare.GivenWhenThen" time="2.680" errors="0" timestamp="2022-12-21T15:31:50 CST" skipped="0">
  <testcase classname="com.unosquare.GivenWhenThen" name="f_second" time="2.680"/>
  <system-out>
    <![CDATA[Sucess 200 validation
{"data":{"id":2,"name":"fuchsia rose","year":2001,"color":"#C74375","pantone_value":"17-2031"},"support":{"url":"https://reqres.in/#support-heading","text":"To keep ReqRes free, contributions towards server costs are appreciated!"}}]]>
  </system-out>
</testsuite> <!-- com.unosquare.GivenWhenThen -->
