<?xml version="1.0" encoding="UTF-8"?>
<!-- Generated by org.testng.reporters.JUnitReportReporter -->
<testsuite hostname="REM-LT-221216B" failures="0" tests="1" name="com.unosquare.FirstPost" time="1.687" errors="0" timestamp="2022-12-21T19:20:33 CST" skipped="0">
  <testcase classname="com.unosquare.FirstPost" name="requestParams" time="1.687"/>
  <system-out>
    <![CDATA[Sucess 201 validation]]>
  </system-out>
</testsuite> <!-- com.unosquare.FirstPost -->
