<?xml version="1.0" encoding="UTF-8"?>
<!-- Generated by org.testng.reporters.JUnitReportReporter -->
<testsuite hostname="REM-LT-221216B" failures="0" tests="1" name="com.unosquare.FileReaderr" time="2.881" errors="0" timestamp="2022-12-23T12:06:36 CST" skipped="0">
  <testcase classname="com.unosquare.FileReaderr" name="file_creater" time="2.881"/>
  <system-out>
    <![CDATA[{"password":"pistol","email":"eve.holt@reqres.in","id":"145","createdAt":"2022-12-23T18:06:36.267Z"}
201 Sucess Validation
{"password":"pistol","email":"eve.holt@reqres.in"}
https://reqres.in/api/users]]>
  </system-out>
</testsuite> <!-- com.unosquare.FileReaderr -->
